Entrée dans asset_action_menu
Affichage des options du menu
Aucun actif disponible
Option choisie reçue
Option 0: Retour au menu principal
Sortie de asset_action_menu
Entrée dans asset_action_menu
Affichage des options du menu
Aucun actif disponible
Option choisie reçue
Option 1: Acheter un actif
Entrée dans handle_add_asset
Entrée dans asset_action_menu
Affichage des options du menu
Aucun actif disponible
Option choisie reçue
Option 1: Acheter un actif
Entrée dans handle_add_asset
Entrée dans asset_action_menu
Affichage des options du menu
Aucun actif disponible
Option choisie reçue
Option 1: Acheter un actif
Entrée dans handle_add_asset
Demande de confirmation pour déduction du solde...
Confirmation négative reçue
Utilisateur a refusé la déduction du solde
Demande de confirmation pour ajout d'actif...
Confirmation positive reçue
Utilisateur a confirmé l'ajout de l'actif
Entrée dans asset_action_menu
Affichage des options du menu
Aucun actif disponible
Option choisie reçue
Option 1: Acheter un actif
Entrée dans handle_add_asset
Demande de confirmation pour déduction du solde...
Confirmation négative reçue
Utilisateur a refusé la déduction du solde
Demande de confirmation pour ajout d'actif...
Réponse invalide reçue pour confirmation
Réponse invalide reçue pour confirmation
Confirmation négative reçue
Ajout d'actif annulé par l'utilisateur
Erreur lors de l'achat d'actif
Affichage des options du menu
Aucun actif disponible
Option choisie reçue
Option 1: Acheter un actif
Entrée dans handle_add_asset
Demande de confirmation pour déduction du solde...
Confirmation négative reçue
Utilisateur a refusé la déduction du solde
Demande de confirmation pour ajout d'actif...
Confirmation négative reçue
Ajout d'actif annulé par l'utilisateur
Erreur lors de l'achat d'actif
Affichage des options du menu
Aucun actif disponible
Option choisie reçue
Option 1: Acheter un actif
Entrée dans handle_add_asset
Demande de confirmation pour déduction du solde...
Confirmation négative reçue
Utilisateur a refusé la déduction du solde
Demande de confirmation pour ajout d'actif...
Confirmation positive reçue
Utilisateur a confirmé l'ajout de l'actif
Entrée dans asset_action_menu
Affichage des options du menu
Aucun actif disponible
Option choisie reçue
Option 1: Acheter un actif
Confirmation négative reçue
Confirmation positive reçue
Confirmation négative reçue
Confirmation négative reçue
Confirmation négative reçue
Confirmation négative reçue
Confirmation négative reçue
Confirmation positive reçue
Confirmation négative reçue
Confirmation positive reçue
Confirmation négative reçue
Confirmation positive reçue
Confirmation positive reçue
Confirmation négative reçue
Confirmation positive reçue
Confirmation négative reçue
Confirmation positive reçue
Confirmation négative reçue
Confirmation positive reçue
